\BOOKMARK [1][-]{Doc-Start}{\376\377\000\326\000Z\000E\000T}{}% 1
\BOOKMARK [1][-]{Doc-Start}{\376\377\000A\000B\000S\000T\000R\000A\000C\000T}{}% 2
\BOOKMARK [1][-]{Doc-Start}{\376\377\000T\000E\001\136\000E\000K\000K\000\334\000R}{}% 3
\BOOKMARK [1][-]{section*.1}{\376\377\001\136\000E\000K\001\060\000L\000\040\000L\001\060\000S\000T\000E\000S\001\060}{}% 4
\BOOKMARK [1][-]{section.1}{\376\377\000G\001\060\000R\001\060\001\136}{}% 5
\BOOKMARK [2][-]{subsection.1.1}{\376\377\000P\000r\000o\000j\000e\000n\000i\000n\000\040\000G\000e\000n\000e\000l\000\040\000H\000a\000t\000l\000a\000r\001\061\000y\000l\000a\000\040\000A\000n\000l\000a\000t\001\061\000m\001\061}{section.1}% 6
\BOOKMARK [2][-]{subsection.1.2}{\376\377\000N\000e\000d\000e\000n\000\040\000b\000u\000\040\000p\000r\000o\000j\000e\000y\000i\000\040\000s\000e\000\347\000t\000i\000m}{section.1}% 7
\BOOKMARK [2][-]{subsection.1.3}{\376\377\000B\000u\000\040\000p\000r\000o\000j\000e\000\040\000i\000l\000e\000\040\000h\000e\000d\000e\000f\000l\000e\000n\000e\000n\000\040\000v\000e\000\040\000f\000a\000y\000d\000a\000l\000a\000r\001\061}{section.1}% 8
\BOOKMARK [2][-]{subsection.1.4}{\376\377\000K\000u\000l\000l\000a\000n\001\061\000l\000a\000n\000\040\000B\000i\000l\000e\001\137\000e\000n\000l\000e\000r}{section.1}% 9
\BOOKMARK [3][-]{subsubsection.1.4.1}{\376\377\000J\000a\000v\000a\000S\000c\000r\000i\000p\000t}{subsection.1.4}% 10
\BOOKMARK [3][-]{subsubsection.1.4.2}{\376\377\000N\000o\000d\000e\000.\000J\000S}{subsection.1.4}% 11
\BOOKMARK [3][-]{subsubsection.1.4.3}{\376\377\000A\000n\000g\000u\000l\000a\000r}{subsection.1.4}% 12
\BOOKMARK [3][-]{subsubsection.1.4.4}{\376\377\000M\000o\000n\000g\000o\000D\000B}{subsection.1.4}% 13
\BOOKMARK [3][-]{subsubsection.1.4.5}{\376\377\000R\000e\000d\000i\000s}{subsection.1.4}% 14
\BOOKMARK [1][-]{section.2}{\376\377\000K\000U\000L\000L\000A\000N\000I\000L\000A\000N\000\040\000T\000E\000K\000N\000O\000L\000O\000J\001\060\000L\000E\000R}{}% 15
\BOOKMARK [2][-]{subsection.2.1}{\376\377\000N\000o\000d\000e\000.\000J\000s\000'\000e\000\040\000G\000i\000r\000i\001\137}{section.2}% 16
\BOOKMARK [2][-]{subsection.2.2}{\376\377\000E\000c\000m\000a\000s\000c\000r\000i\000p\000t\000\040\0006\000\040\000v\000e\000\040\000N\000o\000d\000e\000J\000S}{section.2}% 17
\BOOKMARK [3][-]{subsubsection.2.2.1}{\376\377\000A\000r\000r\000o\000w\000\040\000F\000u\000n\000c\000t\000i\000o\000n}{subsection.2.2}% 18
\BOOKMARK [3][-]{subsubsection.2.2.2}{\376\377\000S\000t\000r\000i\000n\000g\000\040\000I\000n\000t\000e\000r\000p\000o\000l\000a\000t\000i\000o\000n}{subsection.2.2}% 19
\BOOKMARK [3][-]{subsubsection.2.2.3}{\376\377\000C\000l\000a\000s\000s\000\040\000Y\000a\000p\001\061\000s\001\061}{subsection.2.2}% 20
\BOOKMARK [3][-]{subsubsection.2.2.4}{\376\377\000L\000e\000t\000\040\000C\000o\000n\000s\000t\000\040\001\060\000f\000a\000d\000e\000l\000e\000r\000i}{subsection.2.2}% 21
\BOOKMARK [2][-]{subsection.2.3}{\376\377\000N\000o\000d\000e\000.\000J\000S\000\040\000M\000i\000m\000a\000r\000i\000s\000i\000\040\000v\000e\000\040\000N\000P\000M}{section.2}% 22
\BOOKMARK [3][-]{subsubsection.2.3.1}{\376\377\000E\000v\000e\000n\000t\000\040\000D\000r\000i\000v\000e\000n\000\040\000P\000r\000o\000g\000r\000a\000m\000m\000i\000n\000g}{subsection.2.3}% 23
\BOOKMARK [3][-]{subsubsection.2.3.2}{\376\377\000S\000i\000n\000g\000l\000e\000\040\000T\000h\000r\000e\000a\000d\000,\000\040\000M\000u\000l\000t\000i\000\040\000T\000h\000r\000e\000a\000d\000\040\000v\000e\000\040\000N\000o\000n\000-\000b\000l\000o\000c\000k\000i\000n\000g\000\040\000I\000O}{subsection.2.3}% 24
\BOOKMARK [2][-]{subsection.2.4}{\376\377\000N\000P\000M\000\040\000\050\000N\000o\000d\000e\000\040\000P\000a\000c\000k\000a\000g\000e\000\040\000M\000a\000n\000a\000g\000e\000r\000\051}{section.2}% 25
\BOOKMARK [2][-]{subsection.2.5}{\376\377\000E\000x\000p\000r\000e\000s\000s\000J\000S}{section.2}% 26
\BOOKMARK [2][-]{subsection.2.6}{\376\377\000M\000i\000d\000d\000l\000e\000w\000a\000r\000e\000\040\000K\000a\000v\000r\000a\000m\001\061}{section.2}% 27
\BOOKMARK [2][-]{subsection.2.7}{\376\377\000U\000y\000g\000u\000l\000a\000m\000a\000d\000a\000\040\000K\000u\000l\000l\000a\000n\001\061\000l\000a\000n\000\040\000N\000o\000d\000e\000\040\000M\000o\000d\000\374\000l\000l\000e\000r\000i}{section.2}% 28
\BOOKMARK [3][-]{subsubsection.2.7.1}{\376\377\000M\000o\000r\000g\000a\000n}{subsection.2.7}% 29
\BOOKMARK [3][-]{subsubsection.2.7.2}{\376\377\000B\000o\000d\000y\000-\000P\000a\000r\000s\000e\000r}{subsection.2.7}% 30
\BOOKMARK [3][-]{subsubsection.2.7.3}{\376\377\000N\000o\000d\000e\000m\000o\000n}{subsection.2.7}% 31
\BOOKMARK [3][-]{subsubsection.2.7.4}{\376\377\000L\000o\000d\000a\000s\000h}{subsection.2.7}% 32
\BOOKMARK [3][-]{subsubsection.2.7.5}{\376\377\000C\000o\000o\000k\000i\000e\000-\000P\000a\000r\000s\000e\000r}{subsection.2.7}% 33
\BOOKMARK [3][-]{subsubsection.2.7.6}{\376\377\000P\000a\000s\000s\000p\000o\000r\000t}{subsection.2.7}% 34
\BOOKMARK [3][-]{subsubsection.2.7.7}{\376\377\000d\000o\000t\000e\000n\000v}{subsection.2.7}% 35
\BOOKMARK [3][-]{subsubsection.2.7.8}{\376\377\000M\000o\000n\000g\000o\000o\000s\000e}{subsection.2.7}% 36
\BOOKMARK [3][-]{subsubsection.2.7.9}{\376\377\000P\000M\0002\000\040\000M\000o\000d\000\374\000l\000\374}{subsection.2.7}% 37
\BOOKMARK [2][-]{subsection.2.8}{\376\377\000E\000x\000p\000r\000e\000s\000s\000\040\000G\000e\000n\000e\000r\000a\000t\000o\000r}{section.2}% 38
\BOOKMARK [2][-]{subsection.2.9}{\376\377\000M\000o\000n\000g\000o\000D\000B}{section.2}% 39
\BOOKMARK [2][-]{subsection.2.10}{\376\377\000R\000e\000d\000i\000s}{section.2}% 40
\BOOKMARK [2][-]{subsection.2.11}{\376\377\000S\000o\000c\000k\000e\000t\000.\000I\000O}{section.2}% 41
\BOOKMARK [2][-]{subsection.2.12}{\376\377\000A\000n\000g\000u\000l\000a\000r\000J\000S}{section.2}% 42
\BOOKMARK [1][-]{section.3}{\376\377\000P\000r\000o\000j\000e\000y\000i\000\040\000C\000a\000n\000l\001\061\000y\000a\000\040\000A\000l\000m\000a\000\040\000E\000t\000m\000e}{}% 43
\BOOKMARK [2][-]{subsection.3.1}{\376\377\000G\000i\000t\000\040\000n\000e\000d\000i\000r\000?}{section.3}% 44
\BOOKMARK [2][-]{subsection.3.2}{\376\377\000S\000u\000n\000u\000c\000u\000\040\000S\000e\000\347\000i\000m\000i}{section.3}% 45
\BOOKMARK [3][-]{subsubsection.3.2.1}{\376\377\000H\000e\000r\000o\000k\000u}{subsection.3.2}% 46
\BOOKMARK [3][-]{subsubsection.3.2.2}{\376\377\000D\000i\000g\000i\000t\000a\000l\000O\000c\000e\000a\000n\000\040\000n\000e\000d\000i\000r\000?\000\040\000N\000e\000\040\000y\000a\000p\000a\000r\000?}{subsection.3.2}% 47
\BOOKMARK [3][-]{subsubsection.3.2.3}{\376\377\000D\000r\000o\000p\000l\000e\000t}{subsection.3.2}% 48
\BOOKMARK [1][-]{section.4}{\376\377\000W\000e\000b\000\040\000S\000i\000t\000e\000s\000i\000n\000i\000n\000\040\000G\000\366\000r\000\374\000n\000t\000\374\000l\000e\000r\000i}{}% 49
\BOOKMARK [2][-]{subsection.4.1}{\376\377\000G\000i\000r\000i\001\137\000\040\000S\000a\000y\000f\000a\000s\001\061}{section.4}% 50
\BOOKMARK [2][-]{subsection.4.2}{\376\377\000M\000e\000s\000a\000j\000l\000a\001\137\000m\000a\000\040\000S\000a\000y\000f\000a\000s\001\061}{section.4}% 51
\BOOKMARK [2][-]{subsection.4.3}{\376\377\000S\000i\000t\000e\000m\000i\000\040\000d\000e\000n\000e\000m\000e\000k\000\040\000i\000s\000t\000e\000r\000\040\000m\000i\000s\000i\000n\000i\000z\000?}{section.4}% 52
\BOOKMARK [1][-]{section.5}{\376\377\000S\000O\000N\000U\000\307\000L\000A\000R\000\040\000V\000E\000\040\000\326\000N\000E\000R\001\060\000L\000E\000R}{}% 53
\BOOKMARK [1][-]{section.5}{\376\377\000K\000A\000Y\000N\000A\000K\000L\000A\000R}{}% 54
\BOOKMARK [1][-]{section*.2}{\376\377\000\326\000Z\000G\000E\000\307\000M\001\060\001\136}{}% 55
